This file contains any messages produced by compilers while
running configure, to aid debugging if configure makes a mistake.

It was created by trygonometryczne configure 0.1, which was
generated by GNU Autoconf 2.68.  Invocation command line was

  $ /home/fedora/trygonometryczne/configure --enable-maintainer-mode CFLAGS=-g -O0 CXXFLAGS=-g -O0 JFLAGS=-g -O0 FFLAGS=-g -O0

## --------- ##
## Platform. ##
## --------- ##

hostname = Fedora-M61PM-S2
uname -m = x86_64
uname -r = 3.3.0-4.fc16.x86_64
uname -s = Linux
uname -v = #1 SMP Tue Mar 20 18:05:40 UTC 2012

/usr/bin/uname -p = unknown
/bin/uname -X     = unknown

/bin/arch              = x86_64
/usr/bin/arch -k       = unknown
/usr/convex/getsysinfo = unknown
/usr/bin/hostinfo      = unknown
/bin/machine           = unknown
/usr/bin/oslevel       = unknown
/bin/universe          = unknown

PATH: /usr/local/bin
PATH: /usr/bin
PATH: /bin
PATH: /usr/local/sbin
PATH: /usr/sbin
PATH: /sbin
PATH: /home/fedora/.local/bin
PATH: /home/fedora/bin


## ----------- ##
## Core tests. ##
## ----------- ##

configure:2429: checking for a BSD-compatible install
configure:2497: result: /usr/bin/install -c
configure:2508: checking whether build environment is sane
configure:2558: result: yes
configure:2699: checking for a thread-safe mkdir -p
configure:2738: result: /bin/mkdir -p
configure:2751: checking for gawk
configure:2767: found /usr/bin/gawk
configure:2778: result: gawk
configure:2789: checking whether make sets $(MAKE)
configure:2811: result: yes
configure:2963: checking for g++
configure:2979: found /usr/bin/g++
configure:2990: result: g++
configure:3017: checking for C++ compiler version
configure:3026: g++ --version >&5
g++ (GCC) 4.6.3 20120306 (Red Hat 4.6.3-2)
Copyright (C) 2011 Free Software Foundation, Inc.
This is free software; see the source for copying conditions.  There is NO
warranty; not even for MERCHANTABILITY or FITNESS FOR A PARTICULAR PURPOSE.

configure:3037: $? = 0
configure:3026: g++ -v >&5
Using built-in specs.
COLLECT_GCC=g++
COLLECT_LTO_WRAPPER=/usr/libexec/gcc/x86_64-redhat-linux/4.6.3/lto-wrapper
Target: x86_64-redhat-linux
Configured with: ../configure --prefix=/usr --mandir=/usr/share/man --infodir=/usr/share/info --with-bugurl=http://bugzilla.redhat.com/bugzilla --enable-bootstrap --enable-shared --enable-threads=posix --enable-checking=release --with-system-zlib --enable-__cxa_atexit --disable-libunwind-exceptions --enable-gnu-unique-object --enable-linker-build-id --enable-languages=c,c++,objc,obj-c++,java,fortran,ada,go,lto --enable-plugin --enable-java-awt=gtk --disable-dssi --with-java-home=/usr/lib/jvm/java-1.5.0-gcj-1.5.0.0/jre --enable-libgcj-multifile --enable-java-maintainer-mode --with-ecj-jar=/usr/share/java/eclipse-ecj.jar --disable-libjava-multilib --with-ppl --with-cloog --with-tune=generic --with-arch_32=i686 --build=x86_64-redhat-linux
Thread model: posix
gcc version 4.6.3 20120306 (Red Hat 4.6.3-2) (GCC) 
configure:3037: $? = 0
configure:3026: g++ -V >&5
g++: error: unrecognized option '-V'
g++: fatal error: no input files
compilation terminated.
configure:3037: $? = 4
configure:3026: g++ -qversion >&5
g++: error: unrecognized option '-qversion'
g++: fatal error: no input files
compilation terminated.
configure:3037: $? = 4
configure:3057: checking whether the C++ compiler works
configure:3079: g++ -g -O0   conftest.cpp  >&5
configure:3083: $? = 0
configure:3131: result: yes
configure:3134: checking for C++ compiler default output file name
configure:3136: result: a.out
configure:3142: checking for suffix of executables
configure:3149: g++ -o conftest -g -O0   conftest.cpp  >&5
configure:3153: $? = 0
configure:3175: result: 
configure:3197: checking whether we are cross compiling
configure:3205: g++ -o conftest -g -O0   conftest.cpp  >&5
configure:3209: $? = 0
configure:3216: ./conftest
configure:3220: $? = 0
configure:3235: result: no
configure:3240: checking for suffix of object files
configure:3262: g++ -c -g -O0  conftest.cpp >&5
configure:3266: $? = 0
configure:3287: result: o
configure:3291: checking whether we are using the GNU C++ compiler
configure:3310: g++ -c -g -O0  conftest.cpp >&5
configure:3310: $? = 0
configure:3319: result: yes
configure:3328: checking whether g++ accepts -g
configure:3348: g++ -c -g  conftest.cpp >&5
configure:3348: $? = 0
configure:3389: result: yes
configure:3423: checking for style of include used by make
configure:3451: result: GNU
configure:3476: checking dependency style of g++
configure:3586: result: gcc3
configure:3606: checking whether NLS is requested
configure:3615: result: yes
configure:3667: checking for gcc
configure:3683: found /usr/bin/gcc
configure:3694: result: gcc
configure:3923: checking for C compiler version
configure:3932: gcc --version >&5
gcc (GCC) 4.6.3 20120306 (Red Hat 4.6.3-2)
Copyright (C) 2011 Free Software Foundation, Inc.
This is free software; see the source for copying conditions.  There is NO
warranty; not even for MERCHANTABILITY or FITNESS FOR A PARTICULAR PURPOSE.

configure:3943: $? = 0
configure:3932: gcc -v >&5
Using built-in specs.
COLLECT_GCC=gcc
COLLECT_LTO_WRAPPER=/usr/libexec/gcc/x86_64-redhat-linux/4.6.3/lto-wrapper
Target: x86_64-redhat-linux
Configured with: ../configure --prefix=/usr --mandir=/usr/share/man --infodir=/usr/share/info --with-bugurl=http://bugzilla.redhat.com/bugzilla --enable-bootstrap --enable-shared --enable-threads=posix --enable-checking=release --with-system-zlib --enable-__cxa_atexit --disable-libunwind-exceptions --enable-gnu-unique-object --enable-linker-build-id --enable-languages=c,c++,objc,obj-c++,java,fortran,ada,go,lto --enable-plugin --enable-java-awt=gtk --disable-dssi --with-java-home=/usr/lib/jvm/java-1.5.0-gcj-1.5.0.0/jre --enable-libgcj-multifile --enable-java-maintainer-mode --with-ecj-jar=/usr/share/java/eclipse-ecj.jar --disable-libjava-multilib --with-ppl --with-cloog --with-tune=generic --with-arch_32=i686 --build=x86_64-redhat-linux
Thread model: posix
gcc version 4.6.3 20120306 (Red Hat 4.6.3-2) (GCC) 
configure:3943: $? = 0
configure:3932: gcc -V >&5
gcc: error: unrecognized option '-V'
gcc: fatal error: no input files
compilation terminated.
configure:3943: $? = 4
configure:3932: gcc -qversion >&5
gcc: error: unrecognized option '-qversion'
gcc: fatal error: no input files
compilation terminated.
configure:3943: $? = 4
configure:3947: checking whether we are using the GNU C compiler
configure:3966: gcc -c -g -O0  conftest.c >&5
configure:3966: $? = 0
configure:3975: result: yes
configure:3984: checking whether gcc accepts -g
configure:4004: gcc -c -g  conftest.c >&5
configure:4004: $? = 0
configure:4045: result: yes
configure:4062: checking for gcc option to accept ISO C89
configure:4126: gcc  -c -g -O0  conftest.c >&5
configure:4126: $? = 0
configure:4139: result: none needed
configure:4161: checking dependency style of gcc
configure:4271: result: gcc3
configure:4298: checking for intltool >= 0.35.0
configure:4305: result: 0.41.1 found
configure:4313: checking for intltool-update
configure:4331: found /usr/bin/intltool-update
configure:4343: result: /usr/bin/intltool-update
configure:4353: checking for intltool-merge
configure:4371: found /usr/bin/intltool-merge
configure:4383: result: /usr/bin/intltool-merge
configure:4393: checking for intltool-extract
configure:4411: found /usr/bin/intltool-extract
configure:4423: result: /usr/bin/intltool-extract
configure:4554: checking for xgettext
configure:4572: found /usr/bin/xgettext
configure:4584: result: /usr/bin/xgettext
configure:4594: checking for msgmerge
configure:4612: found /usr/bin/msgmerge
configure:4624: result: /usr/bin/msgmerge
configure:4634: checking for msgfmt
configure:4652: found /usr/bin/msgfmt
configure:4664: result: /usr/bin/msgfmt
configure:4674: checking for gmsgfmt
configure:4705: result: /usr/bin/msgfmt
configure:4725: checking for perl
configure:4743: found /usr/bin/perl
configure:4755: result: /usr/bin/perl
configure:4766: checking for perl >= 5.8.1
configure:4773: result: 5.14.2
configure:4777: checking for XML::Parser
configure:4780: result: ok
configure:4805: gcc -o conftest -g -O0   conftest.c  >&5
configure:4805: $? = 0
configure:4844: checking how to run the C preprocessor
configure:4875: gcc -E  conftest.c
configure:4875: $? = 0
configure:4889: gcc -E  conftest.c
conftest.c:12:28: fatal error: ac_nonexistent.h: No such file or directory
compilation terminated.
configure:4889: $? = 1
configure: failed program was:
| /* confdefs.h */
| #define PACKAGE_NAME "trygonometryczne"
| #define PACKAGE_TARNAME "trygonometryczne"
| #define PACKAGE_VERSION "0.1"
| #define PACKAGE_STRING "trygonometryczne 0.1"
| #define PACKAGE_BUGREPORT ""
| #define PACKAGE_URL ""
| #define PACKAGE "trygonometryczne"
| #define VERSION "0.1"
| #define GETTEXT_PACKAGE "trygonometryczne"
| /* end confdefs.h.  */
| #include <ac_nonexistent.h>
configure:4914: result: gcc -E
configure:4934: gcc -E  conftest.c
configure:4934: $? = 0
configure:4948: gcc -E  conftest.c
conftest.c:12:28: fatal error: ac_nonexistent.h: No such file or directory
compilation terminated.
configure:4948: $? = 1
configure: failed program was:
| /* confdefs.h */
| #define PACKAGE_NAME "trygonometryczne"
| #define PACKAGE_TARNAME "trygonometryczne"
| #define PACKAGE_VERSION "0.1"
| #define PACKAGE_STRING "trygonometryczne 0.1"
| #define PACKAGE_BUGREPORT ""
| #define PACKAGE_URL ""
| #define PACKAGE "trygonometryczne"
| #define VERSION "0.1"
| #define GETTEXT_PACKAGE "trygonometryczne"
| /* end confdefs.h.  */
| #include <ac_nonexistent.h>
configure:4977: checking for grep that handles long lines and -e
configure:5035: result: /bin/grep
configure:5040: checking for egrep
configure:5102: result: /bin/grep -E
configure:5107: checking for ANSI C header files
configure:5127: gcc -c -g -O0  conftest.c >&5
configure:5127: $? = 0
configure:5200: gcc -o conftest -g -O0   conftest.c  >&5
configure:5200: $? = 0
configure:5200: ./conftest
configure:5200: $? = 0
configure:5211: result: yes
configure:5224: checking for sys/types.h
configure:5224: gcc -c -g -O0  conftest.c >&5
configure:5224: $? = 0
configure:5224: result: yes
configure:5224: checking for sys/stat.h
configure:5224: gcc -c -g -O0  conftest.c >&5
configure:5224: $? = 0
configure:5224: result: yes
configure:5224: checking for stdlib.h
configure:5224: gcc -c -g -O0  conftest.c >&5
configure:5224: $? = 0
configure:5224: result: yes
configure:5224: checking for string.h
configure:5224: gcc -c -g -O0  conftest.c >&5
configure:5224: $? = 0
configure:5224: result: yes
configure:5224: checking for memory.h
configure:5224: gcc -c -g -O0  conftest.c >&5
configure:5224: $? = 0
configure:5224: result: yes
configure:5224: checking for strings.h
configure:5224: gcc -c -g -O0  conftest.c >&5
configure:5224: $? = 0
configure:5224: result: yes
configure:5224: checking for inttypes.h
configure:5224: gcc -c -g -O0  conftest.c >&5
configure:5224: $? = 0
configure:5224: result: yes
configure:5224: checking for stdint.h
configure:5224: gcc -c -g -O0  conftest.c >&5
configure:5224: $? = 0
configure:5224: result: yes
configure:5224: checking for unistd.h
configure:5224: gcc -c -g -O0  conftest.c >&5
configure:5224: $? = 0
configure:5224: result: yes
configure:5239: checking locale.h usability
configure:5239: gcc -c -g -O0  conftest.c >&5
configure:5239: $? = 0
configure:5239: result: yes
configure:5239: checking locale.h presence
configure:5239: gcc -E  conftest.c
configure:5239: $? = 0
configure:5239: result: yes
configure:5239: checking for locale.h
configure:5239: result: yes
configure:5250: checking for LC_MESSAGES
configure:5266: gcc -o conftest -g -O0   conftest.c  >&5
configure:5266: $? = 0
configure:5274: result: yes
configure:5291: checking libintl.h usability
configure:5291: gcc -c -g -O0  conftest.c >&5
configure:5291: $? = 0
configure:5291: result: yes
configure:5291: checking libintl.h presence
configure:5291: gcc -E  conftest.c
configure:5291: $? = 0
configure:5291: result: yes
configure:5291: checking for libintl.h
configure:5291: result: yes
configure:5299: checking for ngettext in libc
configure:5317: gcc -o conftest -g -O0   conftest.c  >&5
configure:5317: $? = 0
configure:5326: result: yes
configure:5330: checking for dgettext in libc
configure:5348: gcc -o conftest -g -O0   conftest.c  >&5
configure:5348: $? = 0
configure:5357: result: yes
configure:5364: checking for bind_textdomain_codeset
configure:5364: gcc -o conftest -g -O0   conftest.c  >&5
configure:5364: $? = 0
configure:5364: result: yes
configure:5640: checking for msgfmt
configure:5667: result: /usr/bin/msgfmt
configure:5678: checking for dcgettext
configure:5678: gcc -o conftest -g -O0   conftest.c   >&5
conftest.c:49:6: warning: conflicting types for built-in function 'dcgettext' [enabled by default]
configure:5678: $? = 0
configure:5678: result: yes
configure:5688: checking if msgfmt accepts -c
configure:5703: $MSGFMT -c -o /dev/null conftest.foo
configure:5706: $? = 0
configure:5708: result: yes
configure:5718: checking for gmsgfmt
configure:5749: result: /usr/bin/msgfmt
configure:5759: checking for xgettext
configure:5786: result: /usr/bin/xgettext
configure:5805: gcc -o conftest -g -O0   conftest.c   >&5
configure:5805: $? = 0
configure:5976: checking build system type
configure:5990: result: x86_64-unknown-linux-gnu
configure:6010: checking host system type
configure:6023: result: x86_64-unknown-linux-gnu
configure:6064: checking how to print strings
configure:6091: result: printf
configure:6112: checking for a sed that does not truncate output
configure:6176: result: /bin/sed
configure:6194: checking for fgrep
configure:6256: result: /bin/grep -F
configure:6291: checking for ld used by gcc
configure:6358: result: /usr/bin/ld
configure:6365: checking if the linker (/usr/bin/ld) is GNU ld
configure:6380: result: yes
configure:6392: checking for BSD- or MS-compatible name lister (nm)
configure:6441: result: /usr/bin/nm -B
configure:6571: checking the name lister (/usr/bin/nm -B) interface
configure:6578: gcc -c -g -O0  conftest.c >&5
configure:6581: /usr/bin/nm -B "conftest.o"
configure:6584: output
0000000000000000 B some_variable
configure:6591: result: BSD nm
configure:6594: checking whether ln -s works
configure:6598: result: yes
configure:6606: checking the maximum length of command line arguments
configure:6731: result: 1572864
configure:6748: checking whether the shell understands some XSI constructs
configure:6758: result: yes
configure:6762: checking whether the shell understands "+="
configure:6768: result: yes
configure:6803: checking how to convert x86_64-unknown-linux-gnu file names to x86_64-unknown-linux-gnu format
configure:6843: result: func_convert_file_noop
configure:6850: checking how to convert x86_64-unknown-linux-gnu file names to toolchain format
configure:6870: result: func_convert_file_noop
configure:6877: checking for /usr/bin/ld option to reload object files
configure:6884: result: -r
configure:6958: checking for objdump
configure:6974: found /usr/bin/objdump
configure:6985: result: objdump
configure:7017: checking how to recognize dependent libraries
configure:7219: result: pass_all
configure:7304: checking for dlltool
configure:7334: result: no
configure:7364: checking how to associate runtime and link libraries
configure:7391: result: printf %s\n
configure:7451: checking for ar
configure:7467: found /usr/bin/ar
configure:7478: result: ar
configure:7515: checking for archiver @FILE support
configure:7532: gcc -c -g -O0  conftest.c >&5
configure:7532: $? = 0
configure:7535: ar cru libconftest.a @conftest.lst >&5
configure:7538: $? = 0
configure:7543: ar cru libconftest.a @conftest.lst >&5
ar: conftest.o: No such file or directory
configure:7546: $? = 1
configure:7558: result: @
configure:7616: checking for strip
configure:7632: found /usr/bin/strip
configure:7643: result: strip
configure:7715: checking for ranlib
configure:7731: found /usr/bin/ranlib
configure:7742: result: ranlib
configure:7844: checking command to parse /usr/bin/nm -B output from gcc object
configure:7963: gcc -c -g -O0  conftest.c >&5
configure:7966: $? = 0
configure:7970: /usr/bin/nm -B conftest.o \| sed -n -e 's/^.*[ ]\([ABCDGIRSTW][ABCDGIRSTW]*\)[ ][ ]*\([_A-Za-z][_A-Za-z0-9]*\)$/\1 \2 \2/p' | sed '/ __gnu_lto/d' \> conftest.nm
configure:7973: $? = 0
configure:8039: gcc -o conftest -g -O0   conftest.c conftstm.o >&5
configure:8042: $? = 0
configure:8080: result: ok
configure:8117: checking for sysroot
configure:8147: result: no
configure:8224: gcc -c -g -O0  conftest.c >&5
configure:8227: $? = 0
configure:8390: checking for mt
configure:8420: result: no
configure:8440: checking if : is a manifest tool
configure:8446: : '-?'
configure:8454: result: no
configure:9083: checking for dlfcn.h
configure:9083: gcc -c -g -O0  conftest.c >&5
configure:9083: $? = 0
configure:9083: result: yes
configure:9281: checking for objdir
configure:9296: result: .libs
configure:9563: checking if gcc supports -fno-rtti -fno-exceptions
configure:9581: gcc -c -g -O0  -fno-rtti -fno-exceptions conftest.c >&5
cc1: warning: command line option '-fno-rtti' is valid for C++/ObjC++ but not for C [enabled by default]
configure:9585: $? = 0
configure:9598: result: no
configure:9908: checking for gcc option to produce PIC
configure:9915: result: -fPIC -DPIC
configure:9923: checking if gcc PIC flag -fPIC -DPIC works
configure:9941: gcc -c -g -O0  -fPIC -DPIC -DPIC conftest.c >&5
configure:9945: $? = 0
configure:9958: result: yes
configure:9987: checking if gcc static flag -static works
configure:10015: result: no
configure:10030: checking if gcc supports -c -o file.o
configure:10051: gcc -c -g -O0  -o out/conftest2.o conftest.c >&5
configure:10055: $? = 0
configure:10077: result: yes
configure:10085: checking if gcc supports -c -o file.o
configure:10132: result: yes
configure:10165: checking whether the gcc linker (/usr/bin/ld -m elf_x86_64) supports shared libraries
configure:11323: result: yes
configure:11360: checking whether -lc should be explicitly linked in
configure:11368: gcc -c -g -O0  conftest.c >&5
configure:11371: $? = 0
configure:11386: gcc -shared  -fPIC -DPIC conftest.o  -v -Wl,-soname -Wl,conftest -o conftest 2\>\&1 \| /bin/grep  -lc  \>/dev/null 2\>\&1
configure:11389: $? = 0
configure:11403: result: no
configure:11568: checking dynamic linker characteristics
configure:12082: gcc -o conftest -g -O0   -Wl,-rpath -Wl,/foo conftest.c  >&5
configure:12082: $? = 0
configure:12308: result: GNU/Linux ld.so
configure:12415: checking how to hardcode library paths into programs
configure:12440: result: immediate
configure:12980: checking whether stripping libraries is possible
configure:12985: result: yes
configure:13020: checking if libtool supports shared libraries
configure:13022: result: yes
configure:13025: checking whether to build shared libraries
configure:13046: result: yes
configure:13049: checking whether to build static libraries
configure:13053: result: yes
configure:13076: checking how to run the C++ preprocessor
configure:13103: g++ -E  conftest.cpp
configure:13103: $? = 0
configure:13117: g++ -E  conftest.cpp
conftest.cpp:30:28: fatal error: ac_nonexistent.h: No such file or directory
compilation terminated.
configure:13117: $? = 1
configure: failed program was:
| /* confdefs.h */
| #define PACKAGE_NAME "trygonometryczne"
| #define PACKAGE_TARNAME "trygonometryczne"
| #define PACKAGE_VERSION "0.1"
| #define PACKAGE_STRING "trygonometryczne 0.1"
| #define PACKAGE_BUGREPORT ""
| #define PACKAGE_URL ""
| #define PACKAGE "trygonometryczne"
| #define VERSION "0.1"
| #define GETTEXT_PACKAGE "trygonometryczne"
| #define STDC_HEADERS 1
| #define HAVE_SYS_TYPES_H 1
| #define HAVE_SYS_STAT_H 1
| #define HAVE_STDLIB_H 1
| #define HAVE_STRING_H 1
| #define HAVE_MEMORY_H 1
| #define HAVE_STRINGS_H 1
| #define HAVE_INTTYPES_H 1
| #define HAVE_STDINT_H 1
| #define HAVE_UNISTD_H 1
| #define HAVE_LOCALE_H 1
| #define HAVE_LC_MESSAGES 1
| #define HAVE_BIND_TEXTDOMAIN_CODESET 1
| #define HAVE_GETTEXT 1
| #define HAVE_DCGETTEXT 1
| #define ENABLE_NLS 1
| #define HAVE_DLFCN_H 1
| #define LT_OBJDIR ".libs/"
| /* end confdefs.h.  */
| #include <ac_nonexistent.h>
configure:13142: result: g++ -E
configure:13162: g++ -E  conftest.cpp
configure:13162: $? = 0
configure:13176: g++ -E  conftest.cpp
conftest.cpp:30:28: fatal error: ac_nonexistent.h: No such file or directory
compilation terminated.
configure:13176: $? = 1
configure: failed program was:
| /* confdefs.h */
| #define PACKAGE_NAME "trygonometryczne"
| #define PACKAGE_TARNAME "trygonometryczne"
| #define PACKAGE_VERSION "0.1"
| #define PACKAGE_STRING "trygonometryczne 0.1"
| #define PACKAGE_BUGREPORT ""
| #define PACKAGE_URL ""
| #define PACKAGE "trygonometryczne"
| #define VERSION "0.1"
| #define GETTEXT_PACKAGE "trygonometryczne"
| #define STDC_HEADERS 1
| #define HAVE_SYS_TYPES_H 1
| #define HAVE_SYS_STAT_H 1
| #define HAVE_STDLIB_H 1
| #define HAVE_STRING_H 1
| #define HAVE_MEMORY_H 1
| #define HAVE_STRINGS_H 1
| #define HAVE_INTTYPES_H 1
| #define HAVE_STDINT_H 1
| #define HAVE_UNISTD_H 1
| #define HAVE_LOCALE_H 1
| #define HAVE_LC_MESSAGES 1
| #define HAVE_BIND_TEXTDOMAIN_CODESET 1
| #define HAVE_GETTEXT 1
| #define HAVE_DCGETTEXT 1
| #define ENABLE_NLS 1
| #define HAVE_DLFCN_H 1
| #define LT_OBJDIR ".libs/"
| /* end confdefs.h.  */
| #include <ac_nonexistent.h>
configure:13346: checking for ld used by g++
configure:13413: result: /usr/bin/ld -m elf_x86_64
configure:13420: checking if the linker (/usr/bin/ld -m elf_x86_64) is GNU ld
configure:13435: result: yes
configure:13490: checking whether the g++ linker (/usr/bin/ld -m elf_x86_64) supports shared libraries
configure:14494: result: yes
configure:14529: g++ -c -g -O0  conftest.cpp >&5
configure:14532: $? = 0
configure:15052: checking for g++ option to produce PIC
configure:15059: result: -fPIC -DPIC
configure:15067: checking if g++ PIC flag -fPIC -DPIC works
configure:15085: g++ -c -g -O0  -fPIC -DPIC -DPIC conftest.cpp >&5
configure:15089: $? = 0
configure:15102: result: yes
configure:15125: checking if g++ static flag -static works
configure:15153: result: no
configure:15165: checking if g++ supports -c -o file.o
configure:15186: g++ -c -g -O0  -o out/conftest2.o conftest.cpp >&5
configure:15190: $? = 0
configure:15212: result: yes
configure:15217: checking if g++ supports -c -o file.o
configure:15264: result: yes
configure:15294: checking whether the g++ linker (/usr/bin/ld -m elf_x86_64) supports shared libraries
configure:15328: result: yes
configure:15471: checking dynamic linker characteristics
configure:16145: result: GNU/Linux ld.so
configure:16198: checking how to hardcode library paths into programs
configure:16223: result: immediate
configure:16338: checking for pkg-config
configure:16356: found /usr/bin/pkg-config
configure:16368: result: /usr/bin/pkg-config
configure:16393: checking pkg-config is at least version 0.9.0
configure:16396: result: yes
configure:16406: checking for SIGC__
configure:16414: $PKG_CONFIG --exists --print-errors "gtkmm-3.0
sigc++-2.0"
configure:16418: $? = 0
configure:16433: $PKG_CONFIG --exists --print-errors "gtkmm-3.0
sigc++-2.0"
configure:16437: $? = 0
configure:16500: result: yes
configure:16507: checking for TRYGONOMETRYCZNE
configure:16514: $PKG_CONFIG --exists --print-errors "gtkmm-3.0 "
configure:16517: $? = 0
configure:16530: $PKG_CONFIG --exists --print-errors "gtkmm-3.0 "
configure:16533: $? = 0
configure:16592: result: yes
configure:16740: creating ./config.status

## ---------------------- ##
## Running config.status. ##
## ---------------------- ##

This file was extended by trygonometryczne config.status 0.1, which was
generated by GNU Autoconf 2.68.  Invocation command line was

  CONFIG_FILES    = 
  CONFIG_HEADERS  = 
  CONFIG_LINKS    = 
  CONFIG_COMMANDS = 
  $ ./config.status 

on Fedora-M61PM-S2

config.status:1243: creating Makefile
config.status:1243: creating src/Makefile
config.status:1243: creating po/Makefile.in
config.status:1243: creating config.h
config.status:1457: executing depfiles commands
config.status:1457: executing default-1 commands
config.status:1457: executing libtool commands
config.status:1457: executing po/stamp-it commands
configure:19274: WARNING: unrecognized options: --enable-maintainer-mode

## ---------------- ##
## Cache variables. ##
## ---------------- ##

ac_cv_build=x86_64-unknown-linux-gnu
ac_cv_c_compiler_gnu=yes
ac_cv_cxx_compiler_gnu=yes
ac_cv_env_CCC_set=
ac_cv_env_CCC_value=
ac_cv_env_CC_set=
ac_cv_env_CC_value=
ac_cv_env_CFLAGS_set=set
ac_cv_env_CFLAGS_value='-g -O0'
ac_cv_env_CPPFLAGS_set=
ac_cv_env_CPPFLAGS_value=
ac_cv_env_CPP_set=
ac_cv_env_CPP_value=
ac_cv_env_CXXCPP_set=
ac_cv_env_CXXCPP_value=
ac_cv_env_CXXFLAGS_set=set
ac_cv_env_CXXFLAGS_value='-g -O0'
ac_cv_env_CXX_set=
ac_cv_env_CXX_value=
ac_cv_env_LDFLAGS_set=
ac_cv_env_LDFLAGS_value=
ac_cv_env_LIBS_set=
ac_cv_env_LIBS_value=
ac_cv_env_PKG_CONFIG_LIBDIR_set=
ac_cv_env_PKG_CONFIG_LIBDIR_value=
ac_cv_env_PKG_CONFIG_PATH_set=
ac_cv_env_PKG_CONFIG_PATH_value=
ac_cv_env_PKG_CONFIG_set=
ac_cv_env_PKG_CONFIG_value=
ac_cv_env_SIGC___CFLAGS_set=
ac_cv_env_SIGC___CFLAGS_value=
ac_cv_env_SIGC___LIBS_set=
ac_cv_env_SIGC___LIBS_value=
ac_cv_env_TRYGONOMETRYCZNE_CFLAGS_set=
ac_cv_env_TRYGONOMETRYCZNE_CFLAGS_value=
ac_cv_env_TRYGONOMETRYCZNE_LIBS_set=
ac_cv_env_TRYGONOMETRYCZNE_LIBS_value=
ac_cv_env_build_alias_set=
ac_cv_env_build_alias_value=
ac_cv_env_host_alias_set=
ac_cv_env_host_alias_value=
ac_cv_env_target_alias_set=
ac_cv_env_target_alias_value=
ac_cv_func_bind_textdomain_codeset=yes
ac_cv_func_dcgettext=yes
ac_cv_header_dlfcn_h=yes
ac_cv_header_inttypes_h=yes
ac_cv_header_libintl_h=yes
ac_cv_header_locale_h=yes
ac_cv_header_memory_h=yes
ac_cv_header_stdc=yes
ac_cv_header_stdint_h=yes
ac_cv_header_stdlib_h=yes
ac_cv_header_string_h=yes
ac_cv_header_strings_h=yes
ac_cv_header_sys_stat_h=yes
ac_cv_header_sys_types_h=yes
ac_cv_header_unistd_h=yes
ac_cv_host=x86_64-unknown-linux-gnu
ac_cv_objext=o
ac_cv_path_EGREP='/bin/grep -E'
ac_cv_path_FGREP='/bin/grep -F'
ac_cv_path_GMSGFMT=/usr/bin/msgfmt
ac_cv_path_GREP=/bin/grep
ac_cv_path_INTLTOOL_EXTRACT=/usr/bin/intltool-extract
ac_cv_path_INTLTOOL_MERGE=/usr/bin/intltool-merge
ac_cv_path_INTLTOOL_PERL=/usr/bin/perl
ac_cv_path_INTLTOOL_UPDATE=/usr/bin/intltool-update
ac_cv_path_MSGFMT=/usr/bin/msgfmt
ac_cv_path_MSGMERGE=/usr/bin/msgmerge
ac_cv_path_SED=/bin/sed
ac_cv_path_XGETTEXT=/usr/bin/xgettext
ac_cv_path_ac_pt_PKG_CONFIG=/usr/bin/pkg-config
ac_cv_path_install='/usr/bin/install -c'
ac_cv_path_mkdir=/bin/mkdir
ac_cv_prog_AWK=gawk
ac_cv_prog_CPP='gcc -E'
ac_cv_prog_CXXCPP='g++ -E'
ac_cv_prog_ac_ct_AR=ar
ac_cv_prog_ac_ct_CC=gcc
ac_cv_prog_ac_ct_CXX=g++
ac_cv_prog_ac_ct_OBJDUMP=objdump
ac_cv_prog_ac_ct_RANLIB=ranlib
ac_cv_prog_ac_ct_STRIP=strip
ac_cv_prog_cc_c89=
ac_cv_prog_cc_g=yes
ac_cv_prog_cxx_g=yes
ac_cv_prog_make_make_set=yes
am_cv_CC_dependencies_compiler_type=gcc3
am_cv_CXX_dependencies_compiler_type=gcc3
am_cv_val_LC_MESSAGES=yes
gt_cv_func_dgettext_libc=yes
gt_cv_func_dgettext_libintl=no
gt_cv_func_ngettext_libc=yes
gt_cv_have_gettext=yes
lt_cv_ar_at_file=@
lt_cv_archive_cmds_need_lc=no
lt_cv_deplibs_check_method=pass_all
lt_cv_file_magic_cmd='$MAGIC_CMD'
lt_cv_file_magic_test_file=
lt_cv_ld_reload_flag=-r
lt_cv_nm_interface='BSD nm'
lt_cv_objdir=.libs
lt_cv_path_LD=/usr/bin/ld
lt_cv_path_LDCXX='/usr/bin/ld -m elf_x86_64'
lt_cv_path_NM='/usr/bin/nm -B'
lt_cv_path_mainfest_tool=no
lt_cv_prog_compiler_c_o=yes
lt_cv_prog_compiler_c_o_CXX=yes
lt_cv_prog_compiler_pic='-fPIC -DPIC'
lt_cv_prog_compiler_pic_CXX='-fPIC -DPIC'
lt_cv_prog_compiler_pic_works=yes
lt_cv_prog_compiler_pic_works_CXX=yes
lt_cv_prog_compiler_rtti_exceptions=no
lt_cv_prog_compiler_static_works=no
lt_cv_prog_compiler_static_works_CXX=no
lt_cv_prog_gnu_ld=yes
lt_cv_prog_gnu_ldcxx=yes
lt_cv_sharedlib_from_linklib_cmd='printf %s\n'
lt_cv_shlibpath_overrides_runpath=no
lt_cv_sys_global_symbol_pipe='sed -n -e '\''s/^.*[	 ]\([ABCDGIRSTW][ABCDGIRSTW]*\)[	 ][	 ]*\([_A-Za-z][_A-Za-z0-9]*\)$/\1 \2 \2/p'\'' | sed '\''/ __gnu_lto/d'\'''
lt_cv_sys_global_symbol_to_c_name_address='sed -n -e '\''s/^: \([^ ]*\)[ ]*$/  {\"\1\", (void *) 0},/p'\'' -e '\''s/^[ABCDGIRSTW]* \([^ ]*\) \([^ ]*\)$/  {"\2", (void *) \&\2},/p'\'''
lt_cv_sys_global_symbol_to_c_name_address_lib_prefix='sed -n -e '\''s/^: \([^ ]*\)[ ]*$/  {\"\1\", (void *) 0},/p'\'' -e '\''s/^[ABCDGIRSTW]* \([^ ]*\) \(lib[^ ]*\)$/  {"\2", (void *) \&\2},/p'\'' -e '\''s/^[ABCDGIRSTW]* \([^ ]*\) \([^ ]*\)$/  {"lib\2", (void *) \&\2},/p'\'''
lt_cv_sys_global_symbol_to_cdecl='sed -n -e '\''s/^T .* \(.*\)$/extern int \1();/p'\'' -e '\''s/^[ABCDGIRSTW]* .* \(.*\)$/extern char \1;/p'\'''
lt_cv_sys_max_cmd_len=1572864
lt_cv_to_host_file_cmd=func_convert_file_noop
lt_cv_to_tool_file_cmd=func_convert_file_noop
pkg_cv_SIGC___CFLAGS='-DGSEAL_ENABLE -pthread -I/usr/include/gtkmm-3.0 -I/usr/lib64/gtkmm-3.0/include -I/usr/include/atkmm-1.6 -I/usr/include/giomm-2.4 -I/usr/lib64/giomm-2.4/include -I/usr/include/pangomm-1.4 -I/usr/lib64/pangomm-1.4/include -I/usr/include/gtk-3.0 -I/usr/include/cairomm-1.0 -I/usr/lib64/cairomm-1.0/include -I/usr/include/gdk-pixbuf-2.0 -I/usr/include/gtk-3.0/unix-print -I/usr/include/gdkmm-3.0 -I/usr/lib64/gdkmm-3.0/include -I/usr/include/atk-1.0 -I/usr/include/glibmm-2.4 -I/usr/lib64/glibmm-2.4/include -I/usr/include/glib-2.0 -I/usr/lib64/glib-2.0/include -I/usr/include/sigc++-2.0 -I/usr/lib64/sigc++-2.0/include -I/usr/include/pango-1.0 -I/usr/include/cairo -I/usr/include/pixman-1 -I/usr/include/freetype2 -I/usr/include/libpng12  '
pkg_cv_SIGC___LIBS='-pthread -lgtkmm-3.0 -latkmm-1.6 -lgdkmm-3.0 -lgiomm-2.4 -lpangomm-1.4 -lgtk-3 -lglibmm-2.4 -lcairomm-1.0 -lgdk-3 -latk-1.0 -lgio-2.0 -lpangoft2-1.0 -lpangocairo-1.0 -lgdk_pixbuf-2.0 -lcairo-gobject -lpango-1.0 -lfreetype -lfontconfig -lgmodule-2.0 -lcairo -lgobject-2.0 -lgthread-2.0 -lrt -lglib-2.0 -lsigc-2.0  '
pkg_cv_TRYGONOMETRYCZNE_CFLAGS='-DGSEAL_ENABLE -pthread -I/usr/include/gtkmm-3.0 -I/usr/lib64/gtkmm-3.0/include -I/usr/include/atkmm-1.6 -I/usr/include/giomm-2.4 -I/usr/lib64/giomm-2.4/include -I/usr/include/pangomm-1.4 -I/usr/lib64/pangomm-1.4/include -I/usr/include/gtk-3.0 -I/usr/include/cairomm-1.0 -I/usr/lib64/cairomm-1.0/include -I/usr/include/gdk-pixbuf-2.0 -I/usr/include/gtk-3.0/unix-print -I/usr/include/gdkmm-3.0 -I/usr/lib64/gdkmm-3.0/include -I/usr/include/atk-1.0 -I/usr/include/glibmm-2.4 -I/usr/lib64/glibmm-2.4/include -I/usr/include/glib-2.0 -I/usr/lib64/glib-2.0/include -I/usr/include/sigc++-2.0 -I/usr/lib64/sigc++-2.0/include -I/usr/include/pango-1.0 -I/usr/include/cairo -I/usr/include/pixman-1 -I/usr/include/freetype2 -I/usr/include/libpng12  '
pkg_cv_TRYGONOMETRYCZNE_LIBS='-pthread -lgtkmm-3.0 -latkmm-1.6 -lgdkmm-3.0 -lgiomm-2.4 -lpangomm-1.4 -lgtk-3 -lglibmm-2.4 -lcairomm-1.0 -lgdk-3 -latk-1.0 -lgio-2.0 -lpangoft2-1.0 -lpangocairo-1.0 -lgdk_pixbuf-2.0 -lcairo-gobject -lpango-1.0 -lfreetype -lfontconfig -lgmodule-2.0 -lcairo -lsigc-2.0 -lgobject-2.0 -lgthread-2.0 -lrt -lglib-2.0  '

## ----------------- ##
## Output variables. ##
## ----------------- ##

ACLOCAL='${SHELL} /home/fedora/trygonometryczne/missing --run aclocal-1.11'
ALL_LINGUAS=''
AMDEPBACKSLASH='\'
AMDEP_FALSE='#'
AMDEP_TRUE=''
AMTAR='${SHELL} /home/fedora/trygonometryczne/missing --run tar'
AM_BACKSLASH='\'
AM_DEFAULT_VERBOSITY='0'
AR='ar'
AUTOCONF='${SHELL} /home/fedora/trygonometryczne/missing --run autoconf'
AUTOHEADER='${SHELL} /home/fedora/trygonometryczne/missing --run autoheader'
AUTOMAKE='${SHELL} /home/fedora/trygonometryczne/missing --run automake-1.11'
AWK='gawk'
CATALOGS=''
CATOBJEXT='.gmo'
CC='gcc'
CCDEPMODE='depmode=gcc3'
CFLAGS='-g -O0'
CPP='gcc -E'
CPPFLAGS=''
CXX='g++'
CXXCPP='g++ -E'
CXXDEPMODE='depmode=gcc3'
CXXFLAGS='-g -O0'
CYGPATH_W='echo'
DATADIRNAME='share'
DEFS='-DHAVE_CONFIG_H'
DEPDIR='.deps'
DLLTOOL='false'
DSYMUTIL=''
DUMPBIN=''
ECHO_C=''
ECHO_N='-n'
ECHO_T=''
EGREP='/bin/grep -E'
EXEEXT=''
FGREP='/bin/grep -F'
GETTEXT_PACKAGE='trygonometryczne'
GMOFILES=''
GMSGFMT='/usr/bin/msgfmt'
GREP='/bin/grep'
INSTALL_DATA='${INSTALL} -m 644'
INSTALL_PROGRAM='${INSTALL}'
INSTALL_SCRIPT='${INSTALL}'
INSTALL_STRIP_PROGRAM='$(install_sh) -c -s'
INSTOBJEXT='.mo'
INTLLIBS=''
INTLTOOL_CAVES_RULE='%.caves:     %.caves.in     $(INTLTOOL_MERGE) $(wildcard $(top_srcdir)/po/*.po) ; LC_ALL=C $(INTLTOOL_MERGE) -d -u -c $(top_builddir)/po/.intltool-merge-cache $(top_srcdir)/po $< $@'
INTLTOOL_DESKTOP_RULE='%.desktop:   %.desktop.in   $(INTLTOOL_MERGE) $(wildcard $(top_srcdir)/po/*.po) ; LC_ALL=C $(INTLTOOL_MERGE) -d -u -c $(top_builddir)/po/.intltool-merge-cache $(top_srcdir)/po $< $@'
INTLTOOL_DIRECTORY_RULE='%.directory: %.directory.in $(INTLTOOL_MERGE) $(wildcard $(top_srcdir)/po/*.po) ; LC_ALL=C $(INTLTOOL_MERGE) -d -u -c $(top_builddir)/po/.intltool-merge-cache $(top_srcdir)/po $< $@'
INTLTOOL_EXTRACT='/usr/bin/intltool-extract'
INTLTOOL_KBD_RULE='%.kbd:       %.kbd.in       $(INTLTOOL_MERGE) $(wildcard $(top_srcdir)/po/*.po) ; LC_ALL=C $(INTLTOOL_MERGE) -x -u -m -c $(top_builddir)/po/.intltool-merge-cache $(top_srcdir)/po $< $@'
INTLTOOL_KEYS_RULE='%.keys:      %.keys.in      $(INTLTOOL_MERGE) $(wildcard $(top_srcdir)/po/*.po) ; LC_ALL=C $(INTLTOOL_MERGE) -k -u -c $(top_builddir)/po/.intltool-merge-cache $(top_srcdir)/po $< $@'
INTLTOOL_MERGE='/usr/bin/intltool-merge'
INTLTOOL_OAF_RULE='%.oaf:       %.oaf.in       $(INTLTOOL_MERGE) $(wildcard $(top_srcdir)/po/*.po) ; LC_ALL=C $(INTLTOOL_MERGE) -o -p $(top_srcdir)/po $< $@'
INTLTOOL_PERL='/usr/bin/perl'
INTLTOOL_POLICY_RULE='%.policy:    %.policy.in    $(INTLTOOL_MERGE) $(wildcard $(top_srcdir)/po/*.po) ; LC_ALL=C $(INTLTOOL_MERGE) -x -u -c $(top_builddir)/po/.intltool-merge-cache $(top_srcdir)/po $< $@'
INTLTOOL_PONG_RULE='%.pong:      %.pong.in      $(INTLTOOL_MERGE) $(wildcard $(top_srcdir)/po/*.po) ; LC_ALL=C $(INTLTOOL_MERGE) -x -u -c $(top_builddir)/po/.intltool-merge-cache $(top_srcdir)/po $< $@'
INTLTOOL_PROP_RULE='%.prop:      %.prop.in      $(INTLTOOL_MERGE) $(wildcard $(top_srcdir)/po/*.po) ; LC_ALL=C $(INTLTOOL_MERGE) -d -u -c $(top_builddir)/po/.intltool-merge-cache $(top_srcdir)/po $< $@'
INTLTOOL_SCHEMAS_RULE='%.schemas:   %.schemas.in   $(INTLTOOL_MERGE) $(wildcard $(top_srcdir)/po/*.po) ; LC_ALL=C $(INTLTOOL_MERGE) -s -u -c $(top_builddir)/po/.intltool-merge-cache $(top_srcdir)/po $< $@'
INTLTOOL_SERVER_RULE='%.server:    %.server.in    $(INTLTOOL_MERGE) $(wildcard $(top_srcdir)/po/*.po) ; LC_ALL=C $(INTLTOOL_MERGE) -o -u -c $(top_builddir)/po/.intltool-merge-cache $(top_srcdir)/po $< $@'
INTLTOOL_SERVICE_RULE='%.service: %.service.in   $(INTLTOOL_MERGE) $(wildcard $(top_srcdir)/po/*.po) ; LC_ALL=C $(INTLTOOL_MERGE) -d -u -c $(top_builddir)/po/.intltool-merge-cache $(top_srcdir)/po $< $@'
INTLTOOL_SHEET_RULE='%.sheet:     %.sheet.in     $(INTLTOOL_MERGE) $(wildcard $(top_srcdir)/po/*.po) ; LC_ALL=C $(INTLTOOL_MERGE) -x -u -c $(top_builddir)/po/.intltool-merge-cache $(top_srcdir)/po $< $@'
INTLTOOL_SOUNDLIST_RULE='%.soundlist: %.soundlist.in $(INTLTOOL_MERGE) $(wildcard $(top_srcdir)/po/*.po) ; LC_ALL=C $(INTLTOOL_MERGE) -d -u -c $(top_builddir)/po/.intltool-merge-cache $(top_srcdir)/po $< $@'
INTLTOOL_THEME_RULE='%.theme:     %.theme.in     $(INTLTOOL_MERGE) $(wildcard $(top_srcdir)/po/*.po) ; LC_ALL=C $(INTLTOOL_MERGE) -d -u -c $(top_builddir)/po/.intltool-merge-cache $(top_srcdir)/po $< $@'
INTLTOOL_UI_RULE='%.ui:        %.ui.in        $(INTLTOOL_MERGE) $(wildcard $(top_srcdir)/po/*.po) ; LC_ALL=C $(INTLTOOL_MERGE) -x -u -c $(top_builddir)/po/.intltool-merge-cache $(top_srcdir)/po $< $@'
INTLTOOL_UPDATE='/usr/bin/intltool-update'
INTLTOOL_XAM_RULE='%.xam:       %.xml.in       $(INTLTOOL_MERGE) $(wildcard $(top_srcdir)/po/*.po) ; LC_ALL=C $(INTLTOOL_MERGE) -x -u -c $(top_builddir)/po/.intltool-merge-cache $(top_srcdir)/po $< $@'
INTLTOOL_XML_NOMERGE_RULE='%.xml:       %.xml.in       $(INTLTOOL_MERGE) ; LC_ALL=C $(INTLTOOL_MERGE) -x -u /tmp $< $@'
INTLTOOL_XML_RULE='%.xml:       %.xml.in       $(INTLTOOL_MERGE) $(wildcard $(top_srcdir)/po/*.po) ; LC_ALL=C $(INTLTOOL_MERGE) -x -u -c $(top_builddir)/po/.intltool-merge-cache $(top_srcdir)/po $< $@'
LD='/usr/bin/ld -m elf_x86_64'
LDFLAGS=''
LIBOBJS=''
LIBS=''
LIBTOOL='$(SHELL) $(top_builddir)/libtool'
LIPO=''
LN_S='ln -s'
LTLIBOBJS=''
MAKEINFO='${SHELL} /home/fedora/trygonometryczne/missing --run makeinfo'
MANIFEST_TOOL=':'
MKDIR_P='/bin/mkdir -p'
MKINSTALLDIRS='/home/fedora/trygonometryczne/mkinstalldirs'
MSGFMT='/usr/bin/msgfmt'
MSGFMT_OPTS='-c'
MSGMERGE='/usr/bin/msgmerge'
NM='/usr/bin/nm -B'
NMEDIT=''
OBJDUMP='objdump'
OBJEXT='o'
OTOOL64=''
OTOOL=''
PACKAGE='trygonometryczne'
PACKAGE_BUGREPORT=''
PACKAGE_NAME='trygonometryczne'
PACKAGE_STRING='trygonometryczne 0.1'
PACKAGE_TARNAME='trygonometryczne'
PACKAGE_URL=''
PACKAGE_VERSION='0.1'
PATH_SEPARATOR=':'
PKG_CONFIG='/usr/bin/pkg-config'
PKG_CONFIG_LIBDIR=''
PKG_CONFIG_PATH=''
POFILES=''
POSUB='po'
PO_IN_DATADIR_FALSE=''
PO_IN_DATADIR_TRUE=''
RANLIB='ranlib'
SED='/bin/sed'
SET_MAKE=''
SHELL='/bin/sh'
SIGC___CFLAGS='-DGSEAL_ENABLE -pthread -I/usr/include/gtkmm-3.0 -I/usr/lib64/gtkmm-3.0/include -I/usr/include/atkmm-1.6 -I/usr/include/giomm-2.4 -I/usr/lib64/giomm-2.4/include -I/usr/include/pangomm-1.4 -I/usr/lib64/pangomm-1.4/include -I/usr/include/gtk-3.0 -I/usr/include/cairomm-1.0 -I/usr/lib64/cairomm-1.0/include -I/usr/include/gdk-pixbuf-2.0 -I/usr/include/gtk-3.0/unix-print -I/usr/include/gdkmm-3.0 -I/usr/lib64/gdkmm-3.0/include -I/usr/include/atk-1.0 -I/usr/include/glibmm-2.4 -I/usr/lib64/glibmm-2.4/include -I/usr/include/glib-2.0 -I/usr/lib64/glib-2.0/include -I/usr/include/sigc++-2.0 -I/usr/lib64/sigc++-2.0/include -I/usr/include/pango-1.0 -I/usr/include/cairo -I/usr/include/pixman-1 -I/usr/include/freetype2 -I/usr/include/libpng12  '
SIGC___LIBS='-pthread -lgtkmm-3.0 -latkmm-1.6 -lgdkmm-3.0 -lgiomm-2.4 -lpangomm-1.4 -lgtk-3 -lglibmm-2.4 -lcairomm-1.0 -lgdk-3 -latk-1.0 -lgio-2.0 -lpangoft2-1.0 -lpangocairo-1.0 -lgdk_pixbuf-2.0 -lcairo-gobject -lpango-1.0 -lfreetype -lfontconfig -lgmodule-2.0 -lcairo -lgobject-2.0 -lgthread-2.0 -lrt -lglib-2.0 -lsigc-2.0  '
STRIP='strip'
TRYGONOMETRYCZNE_CFLAGS='-DGSEAL_ENABLE -pthread -I/usr/include/gtkmm-3.0 -I/usr/lib64/gtkmm-3.0/include -I/usr/include/atkmm-1.6 -I/usr/include/giomm-2.4 -I/usr/lib64/giomm-2.4/include -I/usr/include/pangomm-1.4 -I/usr/lib64/pangomm-1.4/include -I/usr/include/gtk-3.0 -I/usr/include/cairomm-1.0 -I/usr/lib64/cairomm-1.0/include -I/usr/include/gdk-pixbuf-2.0 -I/usr/include/gtk-3.0/unix-print -I/usr/include/gdkmm-3.0 -I/usr/lib64/gdkmm-3.0/include -I/usr/include/atk-1.0 -I/usr/include/glibmm-2.4 -I/usr/lib64/glibmm-2.4/include -I/usr/include/glib-2.0 -I/usr/lib64/glib-2.0/include -I/usr/include/sigc++-2.0 -I/usr/lib64/sigc++-2.0/include -I/usr/include/pango-1.0 -I/usr/include/cairo -I/usr/include/pixman-1 -I/usr/include/freetype2 -I/usr/include/libpng12  '
TRYGONOMETRYCZNE_LIBS='-pthread -lgtkmm-3.0 -latkmm-1.6 -lgdkmm-3.0 -lgiomm-2.4 -lpangomm-1.4 -lgtk-3 -lglibmm-2.4 -lcairomm-1.0 -lgdk-3 -latk-1.0 -lgio-2.0 -lpangoft2-1.0 -lpangocairo-1.0 -lgdk_pixbuf-2.0 -lcairo-gobject -lpango-1.0 -lfreetype -lfontconfig -lgmodule-2.0 -lcairo -lsigc-2.0 -lgobject-2.0 -lgthread-2.0 -lrt -lglib-2.0  '
USE_NLS='yes'
VERSION='0.1'
XGETTEXT='/usr/bin/xgettext'
ac_ct_AR='ar'
ac_ct_CC='gcc'
ac_ct_CXX='g++'
ac_ct_DUMPBIN=''
am__EXEEXT_FALSE=''
am__EXEEXT_TRUE='#'
am__fastdepCC_FALSE='#'
am__fastdepCC_TRUE=''
am__fastdepCXX_FALSE='#'
am__fastdepCXX_TRUE=''
am__include='include'
am__isrc=' -I$(srcdir)'
am__leading_dot='.'
am__quote=''
am__tar='${AMTAR} chof - "$$tardir"'
am__untar='${AMTAR} xf -'
bindir='${exec_prefix}/bin'
build='x86_64-unknown-linux-gnu'
build_alias=''
build_cpu='x86_64'
build_os='linux-gnu'
build_vendor='unknown'
datadir='${datarootdir}'
datarootdir='${prefix}/share'
docdir='${datarootdir}/doc/${PACKAGE_TARNAME}'
dvidir='${docdir}'
exec_prefix='${prefix}'
host='x86_64-unknown-linux-gnu'
host_alias=''
host_cpu='x86_64'
host_os='linux-gnu'
host_vendor='unknown'
htmldir='${docdir}'
includedir='${prefix}/include'
infodir='${datarootdir}/info'
install_sh='${SHELL} /home/fedora/trygonometryczne/install-sh'
libdir='${exec_prefix}/lib'
libexecdir='${exec_prefix}/libexec'
localedir='${datarootdir}/locale'
localstatedir='${prefix}/var'
mandir='${datarootdir}/man'
mkdir_p='/bin/mkdir -p'
oldincludedir='/usr/include'
pdfdir='${docdir}'
prefix='/usr/local'
program_transform_name='s,x,x,'
psdir='${docdir}'
sbindir='${exec_prefix}/sbin'
sharedstatedir='${prefix}/com'
sysconfdir='${prefix}/etc'
target_alias=''

## ----------- ##
## confdefs.h. ##
## ----------- ##

/* confdefs.h */
#define PACKAGE_NAME "trygonometryczne"
#define PACKAGE_TARNAME "trygonometryczne"
#define PACKAGE_VERSION "0.1"
#define PACKAGE_STRING "trygonometryczne 0.1"
#define PACKAGE_BUGREPORT ""
#define PACKAGE_URL ""
#define PACKAGE "trygonometryczne"
#define VERSION "0.1"
#define GETTEXT_PACKAGE "trygonometryczne"
#define STDC_HEADERS 1
#define HAVE_SYS_TYPES_H 1
#define HAVE_SYS_STAT_H 1
#define HAVE_STDLIB_H 1
#define HAVE_STRING_H 1
#define HAVE_MEMORY_H 1
#define HAVE_STRINGS_H 1
#define HAVE_INTTYPES_H 1
#define HAVE_STDINT_H 1
#define HAVE_UNISTD_H 1
#define HAVE_LOCALE_H 1
#define HAVE_LC_MESSAGES 1
#define HAVE_BIND_TEXTDOMAIN_CODESET 1
#define HAVE_GETTEXT 1
#define HAVE_DCGETTEXT 1
#define ENABLE_NLS 1
#define HAVE_DLFCN_H 1
#define LT_OBJDIR ".libs/"

configure: exit 0
